[
  {
    "line": 1,
    "elements": [
      {
        "before": [
          {
            "result": {
              "duration": 44526005635,
              "status": "passed"
            },
            "match": {
              "location": "MultiScenarioStepDefs.setUp()"
            }
          }
        ],
        "line": 5,
        "name": "validate fb login Scenario1",
        "description": "",
        "id": "facebook2-login-validation-with-parameter;validate-fb-login-scenario1",
        "after": [
          {
            "result": {
              "duration": 73031,
              "status": "passed"
            },
            "match": {
              "location": "MultiScenarioStepDefs.afterScenario()"
            }
          }
        ],
        "type": "scenario",
        "keyword": "Scenario",
        "steps": [
          {
            "result": {
              "duration": 6932157772,
              "error_message": "org.openqa.selenium.WebDriverException: chrome not reachable\n  (Session info: chrome\u003d67.0.3396.79)\n  (Driver info: chromedriver\u003d2.39.562718 (9a2698cba08cf5a471a29d30c8b3e12becabb0e9),platform\u003dWindows NT 10.0.15063 x86_64) (WARNING: The server did not provide any stacktrace information)\nCommand duration or timeout: 0 milliseconds\nBuild info: version: \u00273.5.2\u0027, revision: \u002710229a9\u0027, time: \u00272017-08-21T17:29:55.15Z\u0027\nSystem info: host: \u0027IN-YGHARPUR-W1\u0027, ip: \u0027192.168.56.1\u0027, os.name: \u0027Windows 8.1\u0027, os.arch: \u0027amd64\u0027, os.version: \u00276.3\u0027, java.version: \u00271.8.0_51\u0027\nDriver info: org.openqa.selenium.chrome.ChromeDriver\nCapabilities [{mobileEmulationEnabled\u003dfalse, hasTouchScreen\u003dfalse, platform\u003dWIN8_1, acceptSslCerts\u003dfalse, acceptInsecureCerts\u003dfalse, webStorageEnabled\u003dtrue, browserName\u003dchrome, takesScreenshot\u003dtrue, javascriptEnabled\u003dtrue, setWindowRect\u003dtrue, unexpectedAlertBehaviour\u003d, applicationCacheEnabled\u003dfalse, rotatable\u003dfalse, networkConnectionEnabled\u003dfalse, chrome\u003d{chromedriverVersion\u003d2.39.562718 (9a2698cba08cf5a471a29d30c8b3e12becabb0e9), userDataDir\u003dC:\\Users\\ygharpur\\AppData\\Local\\Temp\\scoped_dir18620_22511}, takesHeapSnapshot\u003dtrue, pageLoadStrategy\u003dnormal, unhandledPromptBehavior\u003d, databaseEnabled\u003dfalse, handlesAlerts\u003dtrue, version\u003d67.0.3396.79, browserConnectionEnabled\u003dfalse, nativeEvents\u003dtrue, locationContextEnabled\u003dtrue, cssSelectorsEnabled\u003dtrue}]\nSession ID: 12688b2b2e8b6f127e1b751c9a00f24e\r\n\tat sun.reflect.NativeConstructorAccessorImpl.newInstance0(Native Method)\r\n\tat sun.reflect.NativeConstructorAccessorImpl.newInstance(Unknown Source)\r\n\tat sun.reflect.DelegatingConstructorAccessorImpl.newInstance(Unknown Source)\r\n\tat java.lang.reflect.Constructor.newInstance(Unknown Source)\r\n\tat org.openqa.selenium.remote.ErrorHandler.createThrowable(ErrorHandler.java:215)\r\n\tat org.openqa.selenium.remote.ErrorHandler.throwIfResponseFailed(ErrorHandler.java:167)\r\n\tat org.openqa.selenium.remote.http.JsonHttpResponseCodec.reconstructValue(JsonHttpResponseCodec.java:40)\r\n\tat org.openqa.selenium.remote.http.AbstractHttpResponseCodec.decode(AbstractHttpResponseCodec.java:82)\r\n\tat org.openqa.selenium.remote.http.AbstractHttpResponseCodec.decode(AbstractHttpResponseCodec.java:45)\r\n\tat org.openqa.selenium.remote.HttpCommandExecutor.execute(HttpCommandExecutor.java:164)\r\n\tat org.openqa.selenium.remote.service.DriverCommandExecutor.execute(DriverCommandExecutor.java:82)\r\n\tat org.openqa.selenium.remote.RemoteWebDriver.execute(RemoteWebDriver.java:641)\r\n\tat org.openqa.selenium.remote.RemoteWebDriver.get(RemoteWebDriver.java:368)\r\n\tat com.radical.basic.multipleScenarioInSingleFile.MultiScenarioStepDefs.the_user_is_on_facebook_login_Page(MultiScenarioStepDefs.java:36)\r\n\tat ✽.Given the user is on facebook login Page(MultiScenario.feature:6)\r\n",
              "status": "failed"
            },
            "line": 6,
            "name": "the user is on facebook login Page",
            "match": {
              "location": "MultiScenarioStepDefs.the_user_is_on_facebook_login_Page()"
            },
            "keyword": "Given "
          },
          {
            "result": {
              "status": "skipped"
            },
            "line": 7,
            "name": "he enters \"user\" as user name",
            "match": {
              "arguments": [
                {
                  "val": "user",
                  "offset": 11
                }
              ],
              "location": "MultiScenarioStepDefs.He_enters_user_name(String)"
            },
            "keyword": "When "
          },
          {
            "result": {
              "status": "skipped"
            },
            "line": 8,
            "name": "he enters \"pwd\" as password",
            "match": {
              "arguments": [
                {
                  "val": "pwd",
                  "offset": 11
                }
              ],
              "location": "MultiScenarioStepDefs.He_enters_user_password(String)"
            },
            "keyword": "And "
          },
          {
            "result": {
              "status": "skipped"
            },
            "line": 9,
            "name": "check username is present in textbox",
            "match": {
              "location": "MultiScenarioStepDefs.check_username_is_present_in_textbox()"
            },
            "keyword": "Then "
          }
        ]
      },
      {
        "before": [
          {
            "result": {
              "duration": 13475110739,
              "status": "passed"
            },
            "match": {
              "location": "MultiScenarioStepDefs.setUp()"
            }
          }
        ],
        "line": 12,
        "name": "validate fb login Scenario2",
        "description": "",
        "id": "facebook2-login-validation-with-parameter;validate-fb-login-scenario2",
        "after": [
          {
            "result": {
              "duration": 99479,
              "status": "passed"
            },
            "match": {
              "location": "MultiScenarioStepDefs.afterScenario()"
            }
          }
        ],
        "type": "scenario",
        "keyword": "Scenario",
        "steps": [
          {
            "result": {
              "duration": 28209796617,
              "status": "passed"
            },
            "line": 13,
            "name": "the user is on facebook login Page",
            "match": {
              "location": "MultiScenarioStepDefs.the_user_is_on_facebook_login_Page()"
            },
            "keyword": "Given "
          },
          {
            "result": {
              "duration": 49332051,
              "error_message": "org.openqa.selenium.NoSuchElementException: no such element: Unable to locate element: {\"method\":\"id\",\"selector\":\"email\"}\n  (Session info: chrome\u003d67.0.3396.79)\n  (Driver info: chromedriver\u003d2.39.562718 (9a2698cba08cf5a471a29d30c8b3e12becabb0e9),platform\u003dWindows NT 10.0.15063 x86_64) (WARNING: The server did not provide any stacktrace information)\nCommand duration or timeout: 0 milliseconds\nFor documentation on this error, please visit: http://seleniumhq.org/exceptions/no_such_element.html\nBuild info: version: \u00273.5.2\u0027, revision: \u002710229a9\u0027, time: \u00272017-08-21T17:29:55.15Z\u0027\nSystem info: host: \u0027IN-YGHARPUR-W1\u0027, ip: \u0027192.168.56.1\u0027, os.name: \u0027Windows 8.1\u0027, os.arch: \u0027amd64\u0027, os.version: \u00276.3\u0027, java.version: \u00271.8.0_51\u0027\nDriver info: org.openqa.selenium.chrome.ChromeDriver\nCapabilities [{mobileEmulationEnabled\u003dfalse, hasTouchScreen\u003dfalse, platform\u003dWIN8_1, acceptSslCerts\u003dfalse, acceptInsecureCerts\u003dfalse, webStorageEnabled\u003dtrue, browserName\u003dchrome, takesScreenshot\u003dtrue, javascriptEnabled\u003dtrue, setWindowRect\u003dtrue, unexpectedAlertBehaviour\u003d, applicationCacheEnabled\u003dfalse, rotatable\u003dfalse, networkConnectionEnabled\u003dfalse, chrome\u003d{chromedriverVersion\u003d2.39.562718 (9a2698cba08cf5a471a29d30c8b3e12becabb0e9), userDataDir\u003dC:\\Users\\ygharpur\\AppData\\Local\\Temp\\scoped_dir17476_25673}, takesHeapSnapshot\u003dtrue, pageLoadStrategy\u003dnormal, unhandledPromptBehavior\u003d, databaseEnabled\u003dfalse, handlesAlerts\u003dtrue, version\u003d67.0.3396.79, browserConnectionEnabled\u003dfalse, nativeEvents\u003dtrue, locationContextEnabled\u003dtrue, cssSelectorsEnabled\u003dtrue}]\nSession ID: 73f78e932a9dcd507f17f44966e3376e\n*** Element info: {Using\u003did, value\u003demail}\r\n\tat sun.reflect.NativeConstructorAccessorImpl.newInstance0(Native Method)\r\n\tat sun.reflect.NativeConstructorAccessorImpl.newInstance(Unknown Source)\r\n\tat sun.reflect.DelegatingConstructorAccessorImpl.newInstance(Unknown Source)\r\n\tat java.lang.reflect.Constructor.newInstance(Unknown Source)\r\n\tat org.openqa.selenium.remote.ErrorHandler.createThrowable(ErrorHandler.java:215)\r\n\tat org.openqa.selenium.remote.ErrorHandler.throwIfResponseFailed(ErrorHandler.java:167)\r\n\tat org.openqa.selenium.remote.http.JsonHttpResponseCodec.reconstructValue(JsonHttpResponseCodec.java:40)\r\n\tat org.openqa.selenium.remote.http.AbstractHttpResponseCodec.decode(AbstractHttpResponseCodec.java:82)\r\n\tat org.openqa.selenium.remote.http.AbstractHttpResponseCodec.decode(AbstractHttpResponseCodec.java:45)\r\n\tat org.openqa.selenium.remote.HttpCommandExecutor.execute(HttpCommandExecutor.java:164)\r\n\tat org.openqa.selenium.remote.service.DriverCommandExecutor.execute(DriverCommandExecutor.java:82)\r\n\tat org.openqa.selenium.remote.RemoteWebDriver.execute(RemoteWebDriver.java:641)\r\n\tat org.openqa.selenium.remote.RemoteWebDriver.findElement(RemoteWebDriver.java:414)\r\n\tat org.openqa.selenium.remote.RemoteWebDriver.findElementById(RemoteWebDriver.java:457)\r\n\tat org.openqa.selenium.By$ById.findElement(By.java:218)\r\n\tat org.openqa.selenium.remote.RemoteWebDriver.findElement(RemoteWebDriver.java:406)\r\n\tat com.radical.basic.multipleScenarioInSingleFile.MultiScenarioStepDefs.He_enters_user_name(MultiScenarioStepDefs.java:42)\r\n\tat ✽.When he enters \"user\" as user name(MultiScenario.feature:14)\r\n",
              "status": "failed"
            },
            "line": 14,
            "name": "he enters \"user\" as user name",
            "match": {
              "arguments": [
                {
                  "val": "user",
                  "offset": 11
                }
              ],
              "location": "MultiScenarioStepDefs.He_enters_user_name(String)"
            },
            "keyword": "When "
          },
          {
            "result": {
              "status": "skipped"
            },
            "line": 15,
            "name": "he enters \"pwd\" as password",
            "match": {
              "arguments": [
                {
                  "val": "pwd",
                  "offset": 11
                }
              ],
              "location": "MultiScenarioStepDefs.He_enters_user_password(String)"
            },
            "keyword": "And "
          },
          {
            "result": {
              "status": "skipped"
            },
            "line": 16,
            "name": "check username is present in textbox",
            "match": {
              "location": "MultiScenarioStepDefs.check_username_is_present_in_textbox()"
            },
            "keyword": "Then "
          }
        ]
      }
    ],
    "name": "Facebook2 login validation with parameter",
    "description": "As a fb user, I want to enter username and pwd as a parameter",
    "id": "facebook2-login-validation-with-parameter",
    "keyword": "Feature",
    "uri": "MultiScenario.feature"
  }
]