[
  {
    "line": 1,
    "elements": [
      {
        "before": [
          {
            "result": {
              "duration": 62940360832,
              "status": "passed"
            },
            "match": {
              "location": "SharedClass.setup()"
            }
          }
        ],
        "line": 4,
        "name": "Validate First Name field111",
        "description": "",
        "id": "create-account-of-facebook11;validate-first-name-field111",
        "after": [
          {
            "result": {
              "duration": 9792671801,
              "status": "passed"
            },
            "match": {
              "location": "SharedClass.tearDown()"
            }
          },
          {
            "result": {
              "duration": 131059,
              "status": "passed"
            },
            "match": {
              "location": "Parent.tearDown()"
            }
          }
        ],
        "type": "scenario",
        "keyword": "Scenario",
        "steps": [
          {
            "result": {
              "duration": 43479363461,
              "status": "passed"
            },
            "line": 5,
            "name": "User need to be on Facebook login page",
            "match": {
              "location": "ShareDataStepDef.user_need_to_be_on_Facebook_login_page()"
            },
            "keyword": "Given "
          },
          {
            "result": {
              "duration": 310755443,
              "error_message": "org.openqa.selenium.NoSuchElementException: no such element: Unable to locate element: {\"method\":\"name\",\"selector\":\"firstname\"}\n  (Session info: chrome\u003d67.0.3396.79)\n  (Driver info: chromedriver\u003d2.39.562718 (9a2698cba08cf5a471a29d30c8b3e12becabb0e9),platform\u003dWindows NT 10.0.15063 x86_64) (WARNING: The server did not provide any stacktrace information)\nCommand duration or timeout: 0 milliseconds\nFor documentation on this error, please visit: http://seleniumhq.org/exceptions/no_such_element.html\nBuild info: version: \u00273.5.2\u0027, revision: \u002710229a9\u0027, time: \u00272017-08-21T17:29:55.15Z\u0027\nSystem info: host: \u0027IN-YGHARPUR-W1\u0027, ip: \u0027192.168.56.1\u0027, os.name: \u0027Windows 8.1\u0027, os.arch: \u0027amd64\u0027, os.version: \u00276.3\u0027, java.version: \u00271.8.0_51\u0027\nDriver info: org.openqa.selenium.chrome.ChromeDriver\nCapabilities [{mobileEmulationEnabled\u003dfalse, hasTouchScreen\u003dfalse, platform\u003dWIN8_1, acceptSslCerts\u003dfalse, acceptInsecureCerts\u003dfalse, webStorageEnabled\u003dtrue, browserName\u003dchrome, takesScreenshot\u003dtrue, javascriptEnabled\u003dtrue, setWindowRect\u003dtrue, unexpectedAlertBehaviour\u003d, applicationCacheEnabled\u003dfalse, rotatable\u003dfalse, networkConnectionEnabled\u003dfalse, chrome\u003d{chromedriverVersion\u003d2.39.562718 (9a2698cba08cf5a471a29d30c8b3e12becabb0e9), userDataDir\u003dC:\\Users\\ygharpur\\AppData\\Local\\Temp\\scoped_dir37012_23621}, takesHeapSnapshot\u003dtrue, pageLoadStrategy\u003dnormal, unhandledPromptBehavior\u003d, databaseEnabled\u003dfalse, handlesAlerts\u003dtrue, version\u003d67.0.3396.79, browserConnectionEnabled\u003dfalse, nativeEvents\u003dtrue, locationContextEnabled\u003dtrue, cssSelectorsEnabled\u003dtrue}]\nSession ID: 9e3c275d984809623f3474bc0654a053\n*** Element info: {Using\u003dname, value\u003dfirstname}\r\n\tat sun.reflect.NativeConstructorAccessorImpl.newInstance0(Native Method)\r\n\tat sun.reflect.NativeConstructorAccessorImpl.newInstance(Unknown Source)\r\n\tat sun.reflect.DelegatingConstructorAccessorImpl.newInstance(Unknown Source)\r\n\tat java.lang.reflect.Constructor.newInstance(Unknown Source)\r\n\tat org.openqa.selenium.remote.ErrorHandler.createThrowable(ErrorHandler.java:215)\r\n\tat org.openqa.selenium.remote.ErrorHandler.throwIfResponseFailed(ErrorHandler.java:167)\r\n\tat org.openqa.selenium.remote.http.JsonHttpResponseCodec.reconstructValue(JsonHttpResponseCodec.java:40)\r\n\tat org.openqa.selenium.remote.http.AbstractHttpResponseCodec.decode(AbstractHttpResponseCodec.java:82)\r\n\tat org.openqa.selenium.remote.http.AbstractHttpResponseCodec.decode(AbstractHttpResponseCodec.java:45)\r\n\tat org.openqa.selenium.remote.HttpCommandExecutor.execute(HttpCommandExecutor.java:164)\r\n\tat org.openqa.selenium.remote.service.DriverCommandExecutor.execute(DriverCommandExecutor.java:82)\r\n\tat org.openqa.selenium.remote.RemoteWebDriver.execute(RemoteWebDriver.java:641)\r\n\tat org.openqa.selenium.remote.RemoteWebDriver.findElement(RemoteWebDriver.java:414)\r\n\tat org.openqa.selenium.remote.RemoteWebDriver.findElementByName(RemoteWebDriver.java:489)\r\n\tat org.openqa.selenium.By$ByName.findElement(By.java:303)\r\n\tat org.openqa.selenium.remote.RemoteWebDriver.findElement(RemoteWebDriver.java:406)\r\n\tat com.radical.basic.sharedataSD.ShareDataStepDef.user_enters_user_first_name(ShareDataStepDef.java:35)\r\n\tat ✽.When User enters user \"David\" first name(ShareFF.feature:6)\r\n",
              "status": "failed"
            },
            "line": 6,
            "name": "User enters user \"David\" first name",
            "match": {
              "arguments": [
                {
                  "val": "David",
                  "offset": 18
                }
              ],
              "location": "ShareDataStepDef.user_enters_user_first_name(String)"
            },
            "keyword": "When "
          },
          {
            "result": {
              "status": "skipped"
            },
            "line": 7,
            "name": "User checks user \"David\" first name is present",
            "match": {
              "arguments": [
                {
                  "val": "David",
                  "offset": 18
                }
              ],
              "location": "ShareDataStepDef1.user_checks_user_first_name_is_present(String)"
            },
            "keyword": "Then "
          }
        ]
      },
      {
        "before": [
          {
            "result": {
              "duration": 19133486842,
              "status": "passed"
            },
            "match": {
              "location": "SharedClass.setup()"
            }
          }
        ],
        "line": 10,
        "name": "Validate create user multiple fields112",
        "description": "",
        "id": "create-account-of-facebook11;validate-create-user-multiple-fields112",
        "after": [
          {
            "result": {
              "duration": 8985090800,
              "status": "passed"
            },
            "match": {
              "location": "SharedClass.tearDown()"
            }
          },
          {
            "result": {
              "duration": 101453,
              "status": "passed"
            },
            "match": {
              "location": "Parent.tearDown()"
            }
          }
        ],
        "type": "scenario",
        "keyword": "Scenario",
        "steps": [
          {
            "result": {
              "duration": 17168036409,
              "status": "passed"
            },
            "line": 11,
            "name": "User need to be on Facebook login page",
            "match": {
              "location": "ShareDataStepDef.user_need_to_be_on_Facebook_login_page()"
            },
            "keyword": "Given "
          },
          {
            "result": {
              "duration": 537728353,
              "error_message": "org.openqa.selenium.NoSuchElementException: no such element: Unable to locate element: {\"method\":\"name\",\"selector\":\"firstname\"}\n  (Session info: chrome\u003d67.0.3396.79)\n  (Driver info: chromedriver\u003d2.39.562718 (9a2698cba08cf5a471a29d30c8b3e12becabb0e9),platform\u003dWindows NT 10.0.15063 x86_64) (WARNING: The server did not provide any stacktrace information)\nCommand duration or timeout: 0 milliseconds\nFor documentation on this error, please visit: http://seleniumhq.org/exceptions/no_such_element.html\nBuild info: version: \u00273.5.2\u0027, revision: \u002710229a9\u0027, time: \u00272017-08-21T17:29:55.15Z\u0027\nSystem info: host: \u0027IN-YGHARPUR-W1\u0027, ip: \u0027192.168.56.1\u0027, os.name: \u0027Windows 8.1\u0027, os.arch: \u0027amd64\u0027, os.version: \u00276.3\u0027, java.version: \u00271.8.0_51\u0027\nDriver info: org.openqa.selenium.chrome.ChromeDriver\nCapabilities [{mobileEmulationEnabled\u003dfalse, hasTouchScreen\u003dfalse, platform\u003dWIN8_1, acceptSslCerts\u003dfalse, acceptInsecureCerts\u003dfalse, webStorageEnabled\u003dtrue, browserName\u003dchrome, takesScreenshot\u003dtrue, javascriptEnabled\u003dtrue, setWindowRect\u003dtrue, unexpectedAlertBehaviour\u003d, applicationCacheEnabled\u003dfalse, rotatable\u003dfalse, networkConnectionEnabled\u003dfalse, chrome\u003d{chromedriverVersion\u003d2.39.562718 (9a2698cba08cf5a471a29d30c8b3e12becabb0e9), userDataDir\u003dC:\\Users\\ygharpur\\AppData\\Local\\Temp\\scoped_dir31008_24787}, takesHeapSnapshot\u003dtrue, pageLoadStrategy\u003dnormal, unhandledPromptBehavior\u003d, databaseEnabled\u003dfalse, handlesAlerts\u003dtrue, version\u003d67.0.3396.79, browserConnectionEnabled\u003dfalse, nativeEvents\u003dtrue, locationContextEnabled\u003dtrue, cssSelectorsEnabled\u003dtrue}]\nSession ID: 7c92eefeab90fe9755d4d3f2985e208f\n*** Element info: {Using\u003dname, value\u003dfirstname}\r\n\tat sun.reflect.NativeConstructorAccessorImpl.newInstance0(Native Method)\r\n\tat sun.reflect.NativeConstructorAccessorImpl.newInstance(Unknown Source)\r\n\tat sun.reflect.DelegatingConstructorAccessorImpl.newInstance(Unknown Source)\r\n\tat java.lang.reflect.Constructor.newInstance(Unknown Source)\r\n\tat org.openqa.selenium.remote.ErrorHandler.createThrowable(ErrorHandler.java:215)\r\n\tat org.openqa.selenium.remote.ErrorHandler.throwIfResponseFailed(ErrorHandler.java:167)\r\n\tat org.openqa.selenium.remote.http.JsonHttpResponseCodec.reconstructValue(JsonHttpResponseCodec.java:40)\r\n\tat org.openqa.selenium.remote.http.AbstractHttpResponseCodec.decode(AbstractHttpResponseCodec.java:82)\r\n\tat org.openqa.selenium.remote.http.AbstractHttpResponseCodec.decode(AbstractHttpResponseCodec.java:45)\r\n\tat org.openqa.selenium.remote.HttpCommandExecutor.execute(HttpCommandExecutor.java:164)\r\n\tat org.openqa.selenium.remote.service.DriverCommandExecutor.execute(DriverCommandExecutor.java:82)\r\n\tat org.openqa.selenium.remote.RemoteWebDriver.execute(RemoteWebDriver.java:641)\r\n\tat org.openqa.selenium.remote.RemoteWebDriver.findElement(RemoteWebDriver.java:414)\r\n\tat org.openqa.selenium.remote.RemoteWebDriver.findElementByName(RemoteWebDriver.java:489)\r\n\tat org.openqa.selenium.By$ByName.findElement(By.java:303)\r\n\tat org.openqa.selenium.remote.RemoteWebDriver.findElement(RemoteWebDriver.java:406)\r\n\tat com.radical.basic.sharedataSD.ShareDataStepDef.user_enters_user_first_name(ShareDataStepDef.java:35)\r\n\tat ✽.When User enters user \"Ryan\" first name(ShareFF.feature:12)\r\n",
              "status": "failed"
            },
            "line": 12,
            "name": "User enters user \"Ryan\" first name",
            "match": {
              "arguments": [
                {
                  "val": "Ryan",
                  "offset": 18
                }
              ],
              "location": "ShareDataStepDef.user_enters_user_first_name(String)"
            },
            "keyword": "When "
          },
          {
            "result": {
              "status": "skipped"
            },
            "line": 13,
            "name": "User enters user \"Jack\" surname",
            "match": {
              "arguments": [
                {
                  "val": "Jack",
                  "offset": 18
                }
              ],
              "location": "ShareDataStepDef1.user_enters_user_surname(String)"
            },
            "keyword": "And "
          },
          {
            "result": {
              "status": "skipped"
            },
            "line": 14,
            "name": "User checks user \"Ryan\" first name is present",
            "match": {
              "arguments": [
                {
                  "val": "Ryan",
                  "offset": 18
                }
              ],
              "location": "ShareDataStepDef1.user_checks_user_first_name_is_present(String)"
            },
            "keyword": "Then "
          },
          {
            "result": {
              "status": "skipped"
            },
            "line": 15,
            "name": "User Mobile field should be blank",
            "match": {
              "location": "ShareDataStepDef1.user_Mobile_field_should_be_blank()"
            },
            "keyword": "Then "
          }
        ]
      }
    ],
    "name": "Create account of Facebook11",
    "description": "As a user u need to open facebook home page and do the validations",
    "id": "create-account-of-facebook11",
    "keyword": "Feature",
    "uri": "ShareFF.feature"
  }
]